-4.55065488815 -3.4629650116 -4.55065488815 -3.4629650116 
-4.5506644249 -3.4629676342 -4.5506644249 -3.4629676342 
-4.5431432724 -3.4637131691 -4.5431432724 -3.4637131691 
-4.52427148819 -3.4654006958 -4.52427148819 -3.4654006958 
-4.50483798981 -3.46717119217 -4.50483798981 -3.46717119217 
-4.48551662008 -3.46890422647 -4.4854631424 -3.46893763542 
-4.46619544334 -3.47063061429 -4.46601629257 -3.47073435783 
-4.44687724585 -3.47233955573 -4.44660282135 -3.47254037857 
-4.42767563033 -3.47400865823 -4.42749643326 -3.4743065834 
-4.40850457319 -3.47563430592 -4.40837001801 -3.47602915764 
-4.38911224621 -3.47722753616 -4.38867378235 -3.47784352303 
-4.36952939289 -3.47873437468 -4.36858272552 -3.47975468636 
-4.35009694475 -3.48010643638 -4.34886980057 -3.48171877861 
-4.33074154919 -3.48141718983 -4.32939243317 -3.48313784599 
-4.31138609236 -3.48272068623 -4.30995893478 -3.48442959785 
-4.29203081796 -3.48402551411 -4.29050540924 -3.48573112488 
-4.27267536351 -3.48533128099 -4.271027565 -3.48703837395 
-4.25331997504 -3.48663716699 -4.25160169601 -3.48834371567 
-4.23396440967 -3.48794327105 -4.23213863373 -3.4896569252 
-4.21460906283 -3.4892494305 -4.21268320084 -3.49096560478 
-4.19525345307 -3.49055564394 -4.19323444366 -3.49227833748 
-4.17589801779 -3.49186186678 -4.17377710342 -3.49359965324 
-4.15654262973 -3.49316810235 -4.15433979034 -3.49489736557 
-4.13718717351 -3.4944742724 -4.13487625122 -3.4962143898 
-4.11783229183 -3.49578045523 -4.11543560028 -3.49752736092 
-4.0984770467 -3.49708743468 -4.09599685669 -3.49884033203 
-4.07912167046 -3.49839513246 -4.07652759552 -3.5001437664 
-4.05976631187 -3.49970300584 -4.05708217621 -3.50147199631 
-4.0404111021 -3.50101085189 -4.03763580322 -3.5027782917 
-4.0210559235 -3.50231860172 -4.01817846298 -3.50410318375 
-4.00170084619 -3.50362639275 -3.9987347126 -3.50541496277 
-3.98234522493 -3.50493419503 -3.97927522659 -3.50671386719 
-3.96298995379 -3.50624203343 -3.95982313156 -3.50801992416 
-3.95599316305 -3.50669654724 -3.94233179092 -3.50964164734 
-3.94629969735 -3.50717796507 -3.92726588249 -3.51151037216 
-3.93173653879 -3.50750653152 -3.91228866577 -3.51302480698 
-3.91718525373 -3.5074196747 -3.89752721786 -3.51410484314 
-3.90071455289 -3.50688097682 -3.88109922409 -3.51458740234 
-3.88162981814 -3.50595177791 -3.86193919182 -3.51384663582 
-3.86225619634 -3.50495117912 -3.84252119064 -3.51265907288 
-3.84288274357 -3.503966945 -3.82307505608 -3.51160001755 
-3.82593031644 -3.5030689944 -3.80578541756 -3.51112437248 
-3.8113337483 -3.50206820383 -3.79101109505 -3.51128339767 
-3.79683659251 -3.50064922515 -3.77663373947 -3.5112361908 
-3.78240714419 -3.49878749728 -3.76215362549 -3.51066207886 
-3.76622194537 -3.49624788593 -3.74593019485 -3.50906801224 
-3.74735570474 -3.49298408282 -3.72713279724 -3.50586819649 
-3.72824910418 -3.48962456951 -3.70798873901 -3.50243616104 
-3.71124385743 -3.48658384759 -3.69064664841 -3.49929499626 
-3.69677989701 -3.48377051943 -3.67565155029 -3.49748563766 
-3.68258240237 -3.4806090377 -3.66091012955 -3.4955906868 
-3.66847083949 -3.47702355201 -3.64591097832 -3.4931666851 
-3.65449743453 -3.47303237247 -3.63153123856 -3.4902176857 
-3.63826250102 -3.4679349087 -3.61526536942 -3.48580431938 
-3.61995190713 -3.46192379985 -3.59687280655 -3.47988581657 
-3.60152776715 -3.45584998059 -3.57835531235 -3.47378659248 
-3.58518957141 -3.45042718932 -3.56161260605 -3.46850252151 
-3.57123445789 -3.44556939043 -3.54671287537 -3.46450233459 
-3.55761703526 -3.44041175967 -3.53233861923 -3.46042490005 
-3.54416531183 -3.43486706464 -3.5184264183 -3.45605611801 
-3.53087490198 -3.42895512514 -3.50447225571 -3.45116114616 
-3.51775662053 -3.42267170854 -3.49054074287 -3.44589662552 
-3.50289258391 -3.41505774289 -3.47498774529 -3.43900609016 
-3.4858550027 -3.4060244859 -3.45786547661 -3.43011212349 
-3.46873275572 -3.39690600965 -3.44062876701 -3.42091941833 
-3.46209338089 -3.39335168117 -3.42485737801 -3.41287350655 
-3.44922341817 -3.38621596739 -3.41092634201 -3.40639448166 
-3.43667513473 -3.37880971975 -3.39732813835 -3.3998837471 
-3.42437131549 -3.37104860805 -3.38386535645 -3.39288854599 
-3.41230547855 -3.36292188342 -3.37063169479 -3.38550710678 
-3.40048635567 -3.35443840155 -3.35766291618 -3.37768864632 
-3.38722068336 -3.34436469945 -3.34362101555 -3.36809229851 
-3.37205518509 -3.33249943337 -3.32833337784 -3.35622930527 
-3.35679638558 -3.32052023103 -3.313113451 -3.34403729439 
-3.34329534981 -3.30988641553 -3.29912900925 -3.33325266838 
-3.33188516665 -3.30063077184 -3.28666877747 -3.32446789742 
-3.32083950391 -3.2911629872 -3.27437901497 -3.31559371948 
-3.31008331324 -3.28137485171 -3.26238489151 -3.30633974075 
-3.2980078615 -3.26978229861 -3.24959754944 -3.29534196854 
-3.28431941665 -3.25626920564 -3.23577952385 -3.28179621696 
-3.27742901591 -3.24944435751 -3.2219555378 -3.2680580616 
-3.26512442482 -3.23720934929 -3.2090306282 -3.25572276115 
-3.25483732728 -3.22667541061 -3.19746160507 -3.2454867363 
-3.24495528975 -3.21600641515 -3.18657803535 -3.23564004898 
-3.2353708099 -3.20505729409 -3.17613649368 -3.22546625137 
-3.22453217471 -3.19202976598 -3.16462540627 -3.21307706833 
-3.21238373721 -3.1770507315 -3.1524283886 -3.19808220863 
-3.20018103102 -3.16197046505 -3.14026284218 -3.18279957771 
-3.18940248773 -3.14859297771 -3.12921285629 -3.16916513443 
-3.1803625395 -3.13702683146 -3.11923241615 -3.15790581703 
-3.1717024759 -3.12531789159 -3.1093249321 -3.14660716057 
-3.16212253049 -3.11165913738 -3.09900665283 -3.13345813751 
-3.1512464594 -3.09573780901 -3.08805418015 -3.11744260788 
-3.1403223985 -3.07970697237 -3.07714390755 -3.10128450394 
-3.13079505746 -3.06564862819 -3.06739926338 -3.08676290512 
-3.12279511539 -3.05344885051 -3.05847144127 -3.07476949692 
-3.1202430424 -3.04932671557 -3.04971194267 -3.06279778481 
-3.11174072808 -3.0348000053 -3.04059505463 -3.04872059822 
-3.10223523565 -3.018073303 -3.03103876114 -3.03195238113 
-3.09267070369 -3.00119595387 -3.02149820328 -3.01495313644 
-3.08309511021 -2.98432499764 -3.01191186905 -2.99799251556 
-3.07471691395 -2.96947794354 -3.00318384171 -2.98304486275 
-3.06773911845 -2.95665826989 -2.9949901104 -2.97045469284 
-3.06112076951 -2.94368910889 -2.98715400696 -2.95779061317 
-3.05379726209 -2.9284007263 -2.97892999649 -2.94319868088 
-3.04567721378 -2.910862727 -2.97075009346 -2.92566609383 
-3.03755482228 -2.89324549195 -2.96269655228 -2.90794563293 
-3.02942125252 -2.8756338607 -2.95456552505 -2.89021110535 
-3.02238157489 -2.86027320887 -2.94721841812 -2.8744699955 
-3.01649497643 -2.84687982945 -2.94033956528 -2.86131310463 
-3.0109978515 -2.83341135012 -2.93360471725 -2.84806323051 
-3.00510831529 -2.81786086696 -2.92695093155 -2.83266806602 
-2.99849971456 -2.79971147196 -2.92018318176 -2.81455159187 
-2.99188803393 -2.78147274277 -2.91361308098 -2.79613256454 
-2.98527219944 -2.76323618108 -2.90712380409 -2.77826499939 
-2.97866107477 -2.74504616079 -2.90039730072 -2.75965833664 
-2.97295312777 -2.7292162237 -2.89420366287 -2.74328184128 
-2.96821313828 -2.71539807103 -2.88822603226 -2.72950458527 
-2.96307864115 -2.69917120806 -2.88203859329 -2.71393871307 
-2.95752210485 -2.68073435016 -2.87616109848 -2.6956987381 
-2.95474428547 -2.67144219457 -2.87065339088 -2.67699456215 
-2.94918452511 -2.65285705814 -2.86508226395 -2.65831708908 
-2.94362203871 -2.63427237231 -2.85951256752 -2.63964986801 
-2.93875955346 -2.61784632969 -2.85433411598 -2.62302589417 
-2.93480505919 -2.60366325301 -2.84925198555 -2.60902643204 
-2.93069595739 -2.58740128694 -2.84420919418 -2.59324502945 
-2.92624830648 -2.56868732547 -2.83957624435 -2.57475090027 
-2.92180562218 -2.54980323992 -2.83521032333 -2.55575847626 
-2.9195803546 -2.54036149 -2.83074045181 -2.53678631783 
-2.91512777529 -2.5214813887 -2.82624268532 -2.51783061028 
-2.91067457376 -2.50260012135 -2.8217458725 -2.4988386631 
-2.9067343234 -2.48567546548 -2.81734800339 -2.48180437088 
-2.90361371998 -2.47125907137 -2.81304645538 -2.46768712997 
-2.90055566262 -2.45521749988 -2.80895638466 -2.45214891434 
-2.8973076732 -2.43656656114 -2.80549860001 -2.43347096443 
-2.89405054479 -2.41744219973 -2.80233812332 -2.41423726082 
-2.89078735692 -2.39831927601 -2.7991669178 -2.3950047493 
-2.88752023589 -2.37919680099 -2.79585814476 -2.37578010559 
-2.88425366098 -2.36007441138 -2.79251503944 -2.35659193993 
-2.88098777505 -2.34095241749 -2.78918910027 -2.33738589287 
-2.87813430335 -2.32395701207 -2.78593993187 -2.32018089294 
-2.87593013153 -2.30945076075 -2.7825345993 -2.3054485321 
-2.87386578375 -2.2930364131 -2.77934265137 -2.28946995735 
-2.87183196748 -2.27414740707 -2.77709698677 -2.27081251144 
-2.86984451961 -2.25485004335 -2.77514648438 -2.25141143799 
-2.8678455693 -2.23555403049 -2.77322244644 -2.23202419281 
-2.86583825066 -2.21625902007 -2.77119398117 -2.21264982224 
-2.86382855365 -2.19696419328 -2.7691192627 -2.19326496124 
-2.86181875752 -2.17766935938 -2.76704239845 -2.17388963699 
-2.85980875265 -2.15837451816 -2.76497197151 -2.15451335907 
-2.85779876686 -2.13907988712 -2.7628903389 -2.13513088226 
-2.85578882631 -2.11978541994 -2.76080751419 -2.11575174332 
-2.85377863065 -2.10049040822 -2.7587249279 -2.09634447098 
-2.85176810401 -2.08119557559 -2.7566421032 -2.07698321342 
-2.84975752624 -2.06190094683 -2.75456738472 -2.05760669708 
-2.84875229645 -2.05225353537 -2.75249028206 -2.03822851181 
-2.84707488696 -2.03565634378 -2.75052499771 -2.0210647583 
-2.8458368778 -2.02106917098 -2.74806261063 -2.00633168221 
-2.8448825206 -2.00485486411 -2.74594736099 -1.99017548561 
-2.84449934648 -1.9955586799 -2.7448220253 -1.9711368084 
-2.8437869499 -1.97617346763 -2.74415564537 -1.95164203644 
-2.84306453134 -1.95678818691 -2.74344229698 -1.93222689629 
-2.8423356632 -1.9374026486 -2.74265670776 -1.91271436214 
-2.84160619061 -1.91801733553 -2.74183535576 -1.89324057102 
-2.8408768327 -1.89863212807 -2.74102568626 -1.87378633022 
-2.84014719233 -1.87924668823 -2.74022078514 -1.85428774357 
-2.83941719003 -1.85986093802 -2.73941326141 -1.83480238914 
-2.8386874041 -1.84047565988 -2.73861646652 -1.81533169746 
-2.83795772314 -1.82108992072 -2.73780608177 -1.79586005211 
-2.83722781136 -1.80170446796 -2.73699998856 -1.77638781071 
-2.83649798046 -1.78231909894 -2.73619294167 -1.75691354275 
-2.83576849767 -1.76293344759 -2.73537874222 -1.73743319511 
-2.83503923742 -1.7435480571 -2.73458719254 -1.71795940399 
-2.83431020366 -1.7241625308 -2.73377656937 -1.69848513603 
-2.83358138932 -1.70477736654 -2.73295354843 -1.67902874947 
-2.83285277677 -1.68539148575 -2.73213362694 -1.65954089165 
-2.83212453371 -1.66600617273 -2.73133516312 -1.64005720615 
-2.83139649965 -1.64662053365 -2.73052477837 -1.62057876587 
-2.83066853552 -1.62723490929 -2.72972726822 -1.60111403465 
-2.82994073131 -1.6078495798 -2.72891569138 -1.58161902428 
-2.82921304118 -1.58846418237 -2.72810602188 -1.56216430664 
-2.8284853772 -1.56907852361 -2.72731137276 -1.54267549515 
-2.82775787675 -1.54969318271 -2.72650766373 -1.52319264412 
-2.8270306225 -1.53030753171 -2.72569608688 -1.50371730328 
-2.82630365178 -1.51092221722 -2.72487950325 -1.4842607975 
-2.82557677818 -1.49153666622 -2.72408390045 -1.46477138996 
-2.8248497016 -1.47215064297 -2.72328019142 -1.4452931881 
-2.82448613283 -1.46245775743 -2.72247290611 -1.42580246925 
-2.8237590011 -1.4430721756 -2.72167062759 -1.40633368492 
-2.82303178626 -1.42368690715 -2.72087144852 -1.38687252998 
-2.82230470118 -1.40430118093 -2.72007584572 -1.36739253998 
-2.82194123581 -1.39460858079 -2.71926426888 -1.34791374207 
-2.82121424932 -1.3752231143 -2.71844649315 -1.3284381628 
-2.82061788855 -1.35803801043 -2.71740531921 -1.31087517738 
-2.82017379717 -1.33993395374 -2.71615791321 -1.292999506 
-2.81984844329 -1.32053694641 -2.71568536758 -1.27348232269 
-2.8195282806 -1.30113915303 -2.71536302567 -1.25399541855 
-2.81920497681 -1.28174216636 -2.71499752998 -1.23450922966 
-2.81888078314 -1.26234543163 -2.71459507942 -1.21501672268 
-2.81855647507 -1.24294904575 -2.71420240402 -1.19553613663 
-2.81823205358 -1.22355252299 -2.7138171196 -1.17603468895 
-2.81790800608 -1.20415729504 -2.71342873573 -1.15655016899 
-2.81758428616 -1.18476054661 -2.71302604675 -1.13704538345 
-2.81726091002 -1.1653639397 -2.71264123917 -1.11757540703 
-2.81693779312 -1.14596745877 -2.7122426033 -1.0980629921 
-2.81661438989 -1.12657094792 -2.71185255051 -1.07858610153 
-2.81629095086 -1.10717453867 -2.71146535873 -1.05907869339 
-2.81596754276 -1.08777791225 -2.71107029915 -1.03960430622 
-2.81564388528 -1.06838147503 -2.71066975594 -1.02011883259 
-2.81531995226 -1.04898494411 -2.71027040482 -1.00061798096 
-2.81499601715 -1.02958844792 -2.70987081528 -0.981129944324 
-2.81467218648 -1.01019175338 -2.70945811272 -0.961628913879 
-2.81434839648 -0.990795063939 -2.70906734467 -0.942141652107 
-2.81402474056 -0.971398493696 -2.70866656303 -0.922656834126 
-2.81370121995 -0.952001660986 -2.70828747749 -0.903152942657 
-2.81337779081 -0.93260511009 -2.70789384842 -0.883673369884 
-2.81305440794 -0.913208646606 -2.70751333237 -0.864183425903 
-2.81273142298 -0.893812443929 -2.70711946487 -0.84469050169 
-2.81240875838 -0.874415935595 -2.70672273636 -0.825196862221 
-2.81227688478 -0.864717712977 -2.70614147186 -0.807880580425 
-2.81222659921 -0.846593002802 -2.70549345016 -0.789854884148 
-2.81233074134 -0.827204350447 -2.70544028282 -0.770380854607 
-2.81238615691 -0.817504334422 -2.70550131798 -0.750896394253 
-2.81249656042 -0.798105229348 -2.70556616783 -0.73139321804 
-2.81260677446 -0.778706136206 -2.70562505722 -0.711897969246 
-2.8127167321 -0.759307024264 -2.70566987991 -0.692395567894 
-2.81282648807 -0.739907330115 -2.70569229126 -0.672906279564 
-2.81293679984 -0.72050870585 -2.70571517944 -0.653423309326 
-2.81304771293 -0.701109897107 -2.70576453209 -0.633916914463 
-2.81315884826 -0.681711130108 -2.70578813553 -0.614438652992 
-2.8132702316 -0.662312243114 -2.70580029488 -0.594942331314 
-2.81338038412 -0.642913418474 -2.70584988594 -0.575458645821 
-2.81348975182 -0.623514733937 -2.70591783524 -0.555959224701 
-2.81359939364 -0.604115536372 -2.70593762398 -0.536445021629 
-2.81370920021 -0.584716547882 -2.70591640472 -0.516937613487 
-2.81381982439 -0.565317595644 -2.70597195625 -0.497481644154 
-2.81393065873 -0.545918601435 -2.70599913597 -0.47797447443 
-2.81404123858 -0.526519547956 -2.70604372025 -0.4585031569 
-2.81415219582 -0.50712059762 -2.70607113838 -0.438997417688 
-2.81426358545 -0.487721421576 -2.70610809326 -0.41949686408 
-2.81437587248 -0.468322331649 -2.706138134 -0.400003373623 
-2.81448886962 -0.448923517589 -2.70619416237 -0.380498200655 
-2.81460283961 -0.429525056124 -2.70622348785 -0.360984355211 
-2.81471616337 -0.410126296004 -2.70630717278 -0.341505557299 
-2.81482806118 -0.390727527607 -2.70634508133 -0.322026818991 
-2.8149399792 -0.371328788235 -2.706387043 -0.302551686764 
-2.81505175125 -0.351929842769 -2.70643496513 -0.283052623272 
-2.81516368515 -0.332530817292 -2.70648670197 -0.263554871082 
-2.815275883 -0.313131669032 -2.70652699471 -0.244072705507 
-2.81538845633 -0.293732731813 -2.7065820694 -0.224566623569 
-2.81550116177 -0.274333909461 -2.70662379265 -0.205059722066 
-2.81555759434 -0.264634574318 -2.70666360855 -0.185570567846 
-2.81567067649 -0.245235643672 -2.70669960976 -0.166073128581 
-2.8157272716 -0.235536244432 -2.70674204826 -0.146579578519 
-2.81584067105 -0.216137237675 -2.70677161217 -0.127096220851 
-2.81595410896 -0.196738405951 -2.70681858063 -0.107585348189 
-2.81606921519 -0.177340009012 -2.70685172081 -0.08807477355 
-2.81618633044 -0.157940912944 -2.70689916611 -0.0685784518719 
-2.81630374467 -0.138542304349 -2.70693635941 -0.0490935072303 
-2.81642113555 -0.119143909539 -2.70696043968 -0.0296053495258 
-2.81653836094 -0.0997450049332 -2.7070069313 -0.0101075004786 
-2.81665541958 -0.0803459663402 -2.70706605911 0.00938882771879 
-2.8167724547 -0.0609471588754 -2.70711565018 0.0288806315511 
-2.81688935741 -0.0415481887232 -2.70716118813 0.0483710542321 
-2.81700606373 -0.022148685467 -2.70720434189 0.0678824484348 
-2.8171225362 -0.0027499555604 -2.70723819733 0.0873680338264 
-2.81723885737 0.0166480729633 -2.70727396011 0.106856383383 
-2.81735500187 0.03604638855 -2.7073071003 0.126349717379 
-2.81747081275 0.0554442435909 -2.70735502243 0.145861566067 
-2.81758650999 0.0748430159105 -2.7073969841 0.165356785059 
-2.81770228881 0.094242085311 -2.70745611191 0.18486353755 
-2.81781803387 0.113641339929 -2.70750784874 0.20435705781 
-2.81793358385 0.133040277714 -2.70754694939 0.223844885826 
-2.81804910162 0.152439105837 -2.70757985115 0.243342608213 
-2.81816468471 0.171837846845 -2.70760846138 0.262847602367 
-2.81827996209 0.191236531854 -2.70766544342 0.282320559025 
-2.818394783 0.210635179099 -2.70772600174 0.301830232143 
-2.81850952374 0.230034156377 -2.70776748657 0.321320354939 
-2.81862446036 0.249433103588 -2.7077870369 0.340826809406 
-2.81873962527 0.268832023426 -2.70782995224 0.360309779644 
-2.81885524962 0.288230498227 -2.70787596703 0.37980517745 
-2.81897096514 0.307629511272 -2.70790815353 0.399289339781 
-2.8190286673 0.317328992162 -2.70794844627 0.418783962727 
-2.81914385893 0.336727900639 -2.70799779892 0.43828907609 
-2.8192589386 0.356127113865 -2.70804357529 0.45776540041 
-2.81931655282 0.36582655336 -2.7080745697 0.477264106274 
-2.81943188472 0.385225666618 -2.7081182003 0.496751070023 
-2.81954710456 0.404624560112 -2.70816612244 0.516240775585 
-2.81966243841 0.424023585909 -2.70820784569 0.535736858845 
-2.81977786029 0.443422455076 -2.70825576782 0.555226683617 
-2.81989322757 0.462821422856 -2.70828509331 0.57473886013 
-2.82000870962 0.482219788652 -2.70834803581 0.594217658043 
-2.82012434664 0.501617436587 -2.70838284492 0.613717317581 
-2.82024063743 0.521016051949 -2.70841598511 0.633217275143 
-2.82035747863 0.540414750729 -2.70846271515 0.652704656124 
-2.82047430267 0.559812975509 -2.7085249424 0.672202706337 
-2.82059036249 0.579211858214 -2.70857810974 0.691689014435 
-2.82070567924 0.598611011311 -2.70862364769 0.711188435555 
-2.82082095557 0.618010375876 -2.70866465569 0.730687081814 
-2.82093628355 0.6374093092 -2.70870828629 0.750168204308 
-2.82105133525 0.65680818943 -2.70876169205 0.769653081894 
-2.82116591774 0.676206953719 -2.70881867409 0.789138972759 
-2.82128026088 0.695605441896 -2.7088534832 0.808637619019 
-2.82139425551 0.715004446701 -2.70890665054 0.828139781952 
-2.82150800039 0.734403308427 -2.70894384384 0.847632288933 
-2.8216221306 0.753801820986 -2.70897436142 0.867106735706 
-2.82173679027 0.773200370894 -2.70900678635 0.886608242989 
-2.82185155732 0.792599348017 -2.70905327797 0.906089186668 
-2.82196626623 0.811997897634 -2.70908331871 0.925594031811 
-2.82208117307 0.831396946202 -2.70911860466 0.945074081421 
-2.82219614777 0.850796141801 -2.70915174484 0.964567959309 
-2.82231123343 0.870194887212 -2.70921063423 0.984059691429 
-2.82242730439 0.889594620491 -2.7092461586 1.00352573395 
-2.82248578454 0.899294073594 -2.70928788185 1.02304959297 
-2.82260288958 0.918692768254 -2.70932245255 1.04253602028 
-2.82272033029 0.938091237926 -2.70936512947 1.06202590466 
-2.82277930042 0.947790922223 -2.70940446854 1.08152484894 
-2.822897427 0.967189726686 -2.70945882797 1.10101246834 
-2.82301553368 0.986587725438 -2.70950031281 1.12052893639 
-2.82313429073 1.00598657881 -2.70955491066 1.14001476765 
-2.8232536888 1.02538488042 -2.70960760117 1.15951251984 
-2.82337313511 1.04478330316 -2.70965695381 1.17897677422 
-2.82349273957 1.06418193885 -2.70971155167 1.19847846031 
-2.82361230583 1.08358078869 -2.70976114273 1.21796274185 
-2.8237318747 1.10297939569 -2.70980882645 1.23744928837 
-2.82388698066 1.12013427974 -2.70958185196 1.25477075577 
-2.82423494941 1.13811253958 -2.70923948288 1.27259600163 
-2.82476294572 1.15750449025 -2.70966124535 1.29210317135 
-2.82529841797 1.17689599301 -2.71014165878 1.31159329414 
-2.82583269556 1.19628780634 -2.71062016487 1.33105504513 
-2.82636650323 1.21567965884 -2.7110877037 1.35053944588 
-2.82690034835 1.2350716923 -2.71155500412 1.37003350258 
-2.82743447239 1.25446369803 -2.71202468872 1.38952326775 
-2.82795410847 1.27158093414 -2.71212673187 1.40692555904 
-2.82863099715 1.28629893065 -2.71157884598 1.42160916328 
-2.829782352 1.30243627467 -2.7115983963 1.43744492531 
-2.83142806414 1.32121240719 -2.71296596527 1.45624423027 
-2.83318815825 1.34053001136 -2.71472907066 1.47562205791 
-2.83493713156 1.35984948473 -2.71646356583 1.49507021904 
-2.83667938473 1.37916948983 -2.71812677383 1.51448404789 
-2.83842021161 1.39849036074 -2.71978998184 1.53392601013 
-2.84016084086 1.4178114149 -2.72146058083 1.55333173275 
-2.8419012154 1.4371324804 -2.72313952446 1.57276368141 
-2.84364138623 1.45645347717 -2.72480273247 1.59219169617 
-2.84538168175 1.47577450479 -2.72645521164 1.61160314083 
-2.84712224918 1.49509539835 -2.72813057899 1.63104212284 
-2.84799264401 1.50475589571 -2.72979879379 1.65045011044 
-2.84973303241 1.52407651225 -2.73145866394 1.66987645626 
-2.85060306764 1.53373703112 -2.73310995102 1.68928742409 
-2.85234325097 1.55305798975 -2.73476934433 1.70870947838 
-2.85393225008 1.57018408226 -2.7359752655 1.72625851631 
-2.85552586395 1.58484052629 -2.73633694649 1.7410736084 
-2.85771845786 1.60107901311 -2.73708581924 1.75724542141 
-2.86026512456 1.6179398639 -2.73923969269 1.77417111397 
-2.86240966099 1.63288733401 -2.74232053757 1.78909087181 
-2.86410565172 1.64732722792 -2.74532842636 1.80354344845 
-2.86536241664 1.66182547018 -2.74784803391 1.81805324554 
-2.8661848987 1.67633261774 -2.7498281002 1.83252906799 
-2.86661236135 1.69012343519 -2.75129818916 1.84644722939 
-2.8669152476 1.70329080058 -2.75125265121 1.85968089104 
-2.86750456561 1.71777022503 -2.75053119659 1.87415885925 
-2.86842237561 1.73167917716 -2.74999380112 1.88786292076 
-2.86939422195 1.74449085075 -2.7510073185 1.90060830116 
-2.87028758824 1.7586972588 -2.75296616554 1.91455495358 
-2.87079581343 1.77323788021 -2.75481462479 1.92928886414 
-2.87085678555 1.78778696692 -2.75612878799 1.94384026527 
-2.87048385112 1.80232429567 -2.75693893433 1.95844399929 
-2.86967611925 1.81685092926 -2.75729465485 1.97298491001 
-2.86832302672 1.83308746438 -2.75693035126 1.98911070824 
-2.86644559775 1.85200192439 -2.75511789322 2.00802659988 
-2.86447303929 1.87130123733 -2.75290060043 2.0274336338 
-2.86251615668 1.89060113178 -2.7507956028 2.04680871964 
-2.8605681885 1.90990207328 -2.748721838 2.06617617607 
-2.85881201213 1.92684250907 -2.74727487564 2.08347296715 
-2.85705619355 1.94151597975 -2.74659919739 2.09819340706 
-2.85492423274 1.95591959039 -2.74576091766 2.11279082298 
-2.85207843506 1.9720229225 -2.74389481544 2.12891149521 
-2.84845691924 1.99067195052 -2.7403857708 2.14766097069 
-2.84469288388 2.00970176939 -2.7364346981 2.16675519943 
-2.84093603345 2.02873332919 -2.73250794411 2.18587064743 
-2.83718081367 2.04776603465 -2.72863864899 2.20498895645 
-2.83568333799 2.05524899139 -2.72563767433 2.2222700119 
-2.83255766439 2.06968475135 -2.72370862961 2.23708415031 
-2.82907460543 2.0838059689 -2.72152805328 2.25154232979 
-2.8251613092 2.09782090415 -2.71878552437 2.26588511467 
-2.82028760194 2.11357629822 -2.71474099159 2.28174090385 
-2.81436856679 2.13167490777 -2.70890831947 2.29986143112 
-2.80829038812 2.15009832844 -2.70252466202 2.31827688217 
-2.80223020048 2.16852598596 -2.69629716873 2.33672571182 
-2.79918752821 2.17770375825 -2.69109964371 2.35332775116 
-2.79432572732 2.19164167554 -2.68732881546 2.36773443222 
-2.78915179668 2.20524621685 -2.6832985878 2.38191652298 
-2.78357059166 2.21868636246 -2.6787955761 2.39596605301 
-2.77678760567 2.23382847593 -2.67286729813 2.41140365601 
-2.76957697301 2.24935682281 -2.66535019875 2.42703509331 
-2.76348088349 2.26288152664 -2.65813922882 2.44006204605 
-2.75819211167 2.27543600838 -2.65162158012 2.4522163868 
-2.75337349981 2.28729064388 -2.64672613144 2.46423482895 
-2.74789682587 2.30033167438 -2.64209890366 2.47785806656 
-2.74189500576 2.31359403746 -2.63741397858 2.4916510582 
-2.73549104712 2.32665715902 -2.63212180138 2.50537800789 
-2.72870771028 2.33951280741 -2.62639665604 2.5186984539 
-2.72154149587 2.35217609055 -2.6202685833 2.53204345703 
-2.71399463555 2.36462530506 -2.61369967461 2.54519438744 
-2.70608519052 2.37683570304 -2.60669779778 2.55811977386 
-2.69781873759 2.38880712844 -2.59944272041 2.57078051567 
-2.68920235451 2.40052474005 -2.59169912338 2.58326005936 
-2.67906512907 2.41356431953 -2.58226585388 2.59673047066 
-2.66707392757 2.42855772623 -2.57022428513 2.61177563667 
-2.65599191954 2.44231730918 -2.55904316902 2.62569475174 
-2.64641251343 2.4539392754 -2.55011224747 2.63786888123 
-2.63690379854 2.46491558514 -2.54157304764 2.64964962006 
-2.62707490512 2.47560948104 -2.53268480301 2.66104960442 
-2.62368862052 2.47908147565 -2.52350354195 2.67208647728 
-2.61171737779 2.49071723533 -2.51230955124 2.68433117867 
-2.59776977692 2.50389422044 -2.49841475487 2.69760298729 
-2.58487912044 2.51596832749 -2.48538541794 2.70973396301 
-2.57375076828 2.5261364261 -2.47475719452 2.72050261497 
-2.56276776686 2.53567646993 -2.46467399597 2.7308883667 
-2.55149707914 2.54489414498 -2.45418000221 2.74109792709 
-2.53995781784 2.55377990595 -2.44337844849 2.75090646744 
-2.52650940648 2.56358740723 -2.43037700653 2.76125407219 
-2.51082676097 2.57470538616 -2.41454005241 2.77231216431 
-2.49654388689 2.5847599002 -2.39984846115 2.7824010849 
-2.48422986921 2.59321469463 -2.3877427578 2.79157161713 
-2.47201581104 2.60115159834 -2.37624502182 2.8003911972 
-2.45958694691 2.60870204812 -2.36438202858 2.8090338707 
-2.44527036386 2.61688043488 -2.35048985481 2.81776952744 
-2.4284855653 2.62615548517 -2.33362054825 2.82699775696 
-2.41148940195 2.63550613491 -2.31635689735 2.83614778519 
-2.3964801767 2.6437215086 -2.30087518692 2.84458065033 
-2.38330330715 2.65069233843 -2.28829264641 2.85224509239 
-2.3702517828 2.6571567772 -2.27579307556 2.85983920097 
-2.35702575119 2.66322403527 -2.26308274269 2.86700868607 
-2.3417992804 2.66971163689 -2.24833917618 2.874147892 
-2.32416823152 2.67690002652 -2.23062229156 2.88131904602 
-2.30618297637 2.68417114167 -2.21245265007 2.88843226433 
-2.29719130334 2.68780883252 -2.19433927536 2.89562082291 
-2.28116578241 2.69424753882 -2.1782681942 2.90214204788 
-2.26736097437 2.69955828995 -2.16487145424 2.90831112862 
-2.25362795137 2.70440714331 -2.15167856216 2.91433930397 
-2.23796007616 2.7094401657 -2.13655376434 2.92018222809 
-2.21982853919 2.71493426284 -2.11841082573 2.92573833466 
-2.20124478269 2.72049999435 -2.0997004509 2.93113350868 
-2.18266403306 2.72607678789 -2.08100891113 2.93655109406 
-2.17337461816 2.72886810156 -2.0623087883 2.94202446938 
-2.15479635607 2.73445215336 -2.04359817505 2.94754648209 
-2.13835796657 2.73934152156 -2.02708339691 2.95279717445 
-2.12426039987 2.74329375429 -2.01308059692 2.95773458481 
-2.10837387457 2.74730650955 -1.99768161774 2.96266913414 
-2.08990848884 2.7516409467 -1.97938191891 2.96734929085 
-2.07100676062 2.75600633157 -1.96033418179 2.97153139114 
-2.05210674995 2.7603804802 -1.94132387638 2.97574830055 
-2.03320830822 2.76475966113 -1.92230165005 2.98004102707 
-2.01431001483 2.7691398151 -1.90328192711 2.98435592651 
-1.99761486853 2.77296029308 -1.88631570339 2.98856592178 
-1.98314136368 2.77603121826 -1.87206625938 2.99278783798 
-1.96692387543 2.77901930686 -1.85638165474 2.99680280685 
-1.94836398395 2.78208297593 -1.83820021152 3.00024843216 
-1.92920874776 2.78515284483 -1.81891059875 3.00311112404 
-1.91005468363 2.78822965369 -1.79958438873 3.00606203079 
-1.89090158218 2.79131086763 -1.7803208828 3.00908470154 
-1.87174857984 2.79439304215 -1.76106607914 3.01210284233 
-1.85259602549 2.79747588984 -1.74180340767 3.01512670517 
-1.83344330046 2.80055895049 -1.72254490852 3.01815438271 
-1.81429050828 2.80364130285 -1.70328116417 3.02118444443 
-1.79742237029 2.80630998706 -1.68614673615 3.02399969101 
-1.7828367059 2.80838481304 -1.67179524899 3.02715134621 
-1.76659128557 2.81026351267 -1.65588438511 3.03018331528 
-1.74789529161 2.81208983423 -1.63731575012 3.03234910965 
-1.72858073946 2.81389385024 -1.61790502071 3.03402519226 
-1.70926701028 2.8157094223 -1.59848046303 3.03576469421 
-1.6899534867 2.81753104014 -1.57905578613 3.03752422333 
-1.68029681254 2.81844238938 -1.55966711044 3.03929209709 
-1.66098330037 2.82026540518 -1.54023504257 3.04106974602 
-1.64166997947 2.82208805568 -1.52083277702 3.0428442955 
-1.63201313088 2.82299934103 -1.50140023232 3.04461407661 
-1.61269956385 2.82482181418 -1.481995821 3.04639220238 
-1.5933859943 2.82664419124 -1.46258711815 3.04816865921 
-1.57407259936 2.82846667247 -1.44318246841 3.04996061325 
-1.55475885071 2.83028919018 -1.42377567291 3.05174016953 
-1.53544554862 2.83211179381 -1.40435099602 3.0535068512 
-1.51613232244 2.83393443266 -1.38493359089 3.05528998375 
-1.49925990065 2.83548329204 -1.36781227589 3.0573413372 
-1.48458952768 2.83660229984 -1.35351276398 3.05949878693 
-1.46820587144 2.83743430871 -1.3376891613 3.06148767471 
-1.44923182675 2.83807157499 -1.31878733635 3.06244134903 
-1.42984040949 2.83863576528 -1.29928207397 3.06291532516 
-1.41044997302 2.83920698215 -1.27980268002 3.06335330009 
-1.39105916242 2.83978431568 -1.26028180122 3.06385397911 
-1.37166856755 2.84036394262 -1.24081254005 3.06437182426 
-1.35227803187 2.84094389855 -1.22131490707 3.06487417221 
-1.33288740155 2.84152350074 -1.20181822777 3.06540822983 
-1.31349663406 2.84210266781 -1.18234097958 3.06592679024 
-1.29410602526 2.84268211288 -1.16283583641 3.06646609306 
-1.27471544099 2.84326199118 -1.14336013794 3.06696462631 
-1.25532489233 2.84384209329 -1.12386369705 3.06749725342 
-1.23593419006 2.84442228111 -1.10438239574 3.06802606583 
-1.21654362104 2.84500286248 -1.08491265774 3.0685634613 
-1.19715299574 2.84558330279 -1.06541001797 3.06907010078 
-1.17776217178 2.84616309659 -1.04591917992 3.06961369514 
-1.15837135762 2.84674263764 -1.02643120289 3.07012367249 
-1.13898070269 2.84732208739 -1.0069488287 3.07063817978 
-1.11959006853 2.84790145794 -0.987451672554 3.07116651535 
-1.10020016803 2.84848099059 -0.967975795269 3.07166481018 
-1.09050502642 2.8487710309 -0.948495030403 3.0721976757 
-1.07111444728 2.84935138906 -0.929005324841 3.07271337509 
-1.05172405217 2.84993127657 -0.909520626068 3.07325100899 
-1.04202880852 2.85022095113 -0.890021502972 3.073772192 
-1.02263834054 2.85080017226 -0.870530486107 3.07428216934 
-1.00324799824 2.85137934105 -0.851044774055 3.07482194901 
-0.983857128974 2.8519584897 -0.831547558308 3.07533979416 
-0.964466531222 2.85253772356 -0.812058329582 3.07586526871 
-0.945075850077 2.85311726381 -0.792573332787 3.0764093399 
-0.925685377759 2.85369585554 -0.773105740547 3.07693195343 
-0.906294828885 2.85427401379 -0.753609597683 3.07744765282 
-0.886904295329 2.85485268554 -0.734107911587 3.07795286179 
-0.867513655609 2.8554310948 -0.71463316679 3.07851409912 
-0.848122842104 2.85600930143 -0.695151269436 3.07902812958 
-0.828732260905 2.8565873455 -0.675659418106 3.0795507431 
-0.809341649351 2.85716553549 -0.65618532896 3.08006834984 
-0.792217057741 2.85762549606 -0.638640999794 3.08086919785 
-0.777492491463 2.85778870659 -0.6240452528 3.0820505619 
-0.762945706626 2.85754667437 -0.609817266464 3.08309721947 
-0.746273789862 2.85681458332 -0.59353864193 3.08333444595 
-0.727245324599 2.85568130392 -0.574633181095 3.08234834671 
-0.707883430608 2.85446810291 -0.555149257183 3.08085036278 
-0.688521854634 2.853256299 -0.535708546638 3.0795109272 
-0.669160220514 2.85204237157 -0.516243100166 3.07824015617 
-0.649798991972 2.8508282583 -0.496760547161 3.07697463036 
-0.630438150193 2.84961388974 -0.477317750454 3.07572579384 
-0.613358460053 2.84849847307 -0.459982693195 3.07477116585 
-0.598724969302 2.84731305215 -0.445568323135 3.07444405556 
-0.584264435466 2.84573324078 -0.431408822536 3.07416009903 
-0.568117344552 2.84352124588 -0.415437459946 3.07292127609 
-0.549410786142 2.84064976305 -0.39664670825 3.07021021843 
-0.53024615555 2.83764493412 -0.377412855625 3.06704282761 
-0.511079005053 2.83465465493 -0.358121544123 3.06400704384 
-0.494036680634 2.83195238112 -0.340762704611 3.06156015396 
-0.488993989095 2.83107366078 -0.326183229685 3.06016588211 
-0.474735858479 2.8281822185 -0.31204816699 3.05862689018 
-0.465310060404 2.82597448336 -0.29798823595 3.05658006668 
-0.449372245802 2.82177809004 -0.2821393013 3.05328178406 
-0.430928290233 2.81662351252 -0.263724923134 3.04827785492 
-0.412255912169 2.81135838183 -0.244957372546 3.0429110527 
-0.395581256637 2.80662519944 -0.227980136871 3.03833389282 
-0.381289558075 2.80235958167 -0.213501647115 3.03509378433 
-0.367471847245 2.79783722211 -0.199656486511 3.03188967705 
-0.353788716426 2.79290255158 -0.185857340693 3.02824568748 
-0.340260025703 2.78756385474 -0.172281056643 3.0241818428 
-0.327438324242 2.78212389061 -0.159193843603 3.01973032951 
-0.310477556037 2.77469749659 -0.142398908734 3.01239919662 
-0.292712226987 2.76690405161 -0.124600186944 3.00436282158 
-0.276966259216 2.75994887683 -0.108446121216 2.99727296829 
-0.263504631525 2.75376983335 -0.0948501899838 2.99205160141 
-0.250443125758 2.74734751623 -0.0814438015223 2.98691320419 
-0.237599831659 2.740551689 -0.0683005228639 2.98140406609 
-0.223333555135 2.73249119582 -0.0537133999169 2.97432279587 
-0.206880889283 2.72285443972 -0.0371586233377 2.96499037743 
-0.190166097209 2.71301099738 -0.0203824900091 2.95504903793 
-0.175123946618 2.70411410252 -0.00493947276846 2.94616913795 
-0.162446590303 2.69637685102 0.00819823611528 2.93931627274 
-0.150231824896 2.6884664278 0.0210375096649 2.93252968788 
-0.13828231762 2.68021070506 0.0334537923336 2.92544198036 
-0.126555352637 2.67157693273 0.0457156896591 2.91796660423 
-0.113541643152 2.66143705202 0.0591523237526 2.90858197212 
-0.0985096965228 2.6493801006 0.0742280557752 2.89666867256 
-0.0833969243173 2.63721643034 0.0893495827913 2.88429784775 
-0.0698763508682 2.62629512672 0.103158988059 2.87339448929 
-0.058463310496 2.61680844229 0.115040659904 2.86478567123 
-0.047534260453 2.60722313494 0.126761630177 2.85624051094 
-0.0439870137167 2.60392064814 0.138265639544 2.8472070694 
-0.0320117683108 2.59215313276 0.150566726923 2.83641624451 
-0.0184908443251 2.57848093182 0.164217725396 2.82276391983 
-0.00488094722796 2.56465644183 0.177779525518 2.8087720871 
0.00727506115566 2.55224889262 0.1903000772 2.79620885849 
0.0176022906715 2.5414017758 0.201154202223 2.7862496376 
0.0273464131383 2.53061587683 0.211803078651 2.7764081955 
0.0382073560284 2.51791922124 0.22318482399 2.76472711563 
0.050344088712 2.50326059378 0.235453486443 2.75021648407 
0.0626685832776 2.48827892455 0.247625857592 2.73502397537 
0.0737710687461 2.47473157787 0.259020864964 2.7213332653 
0.0830797936346 2.46305792216 0.26913484931 2.71035456657 
0.0918458303487 2.45144996802 0.278964787722 2.69976830482 
0.0998784059264 2.44021180087 0.287464648485 2.68901729584 
0.107411004293 2.42948328766 0.294635266066 2.67809057236 
0.110254541326 2.42557240962 0.302283793688 2.66540932655 
0.119101660217 2.41404726017 0.310029447079 2.65353631973 
0.127636289011 2.40322592235 0.318196356297 2.64300680161 
0.136386590323 2.39187451818 0.327576637268 2.63250422478 
0.1449527755 2.38011721203 0.337123215199 2.62168073654 
0.153169546064 2.36809822469 0.346344292164 2.61039113998 
0.161017469144 2.35586383543 0.3551042974 2.59896731377 
0.168504782871 2.34340293597 0.363507300615 2.58736681938 
0.17562583662 2.33072475817 0.371661841869 2.57517933846 
0.183467384875 2.31587992145 0.380122244358 2.56106042862 
0.192248595602 2.29870636019 0.388945013285 2.54388165474 
0.201054036556 2.28141986781 0.397665917873 2.52644109726 
0.209866458279 2.26413834789 0.406422942877 2.50897741318 
0.218681375893 2.24685756872 0.415190547705 2.49157047272 
0.226445139145 2.2315195997 0.423411220312 2.47597384453 
0.232883020612 2.2182849112 0.430859327316 2.46324777603 
0.238884785497 2.20503556549 0.438043266535 2.45063757896 
0.245256376853 2.18987880815 0.445191472769 2.43622589111 
0.24873478766 2.18121022759 0.452501684427 2.41878056526 
0.255899784369 2.1631832514 0.459529548883 2.40058660507 
0.263074878295 2.14515978027 0.466651052237 2.3824300766 
0.270253413139 2.12713693077 0.473801910877 2.36428499222 
0.277432956859 2.10911506214 0.480969727039 2.34616160393 
0.283808614964 2.09297639387 0.487761437893 2.33007383347 
0.289020673932 2.07915897949 0.493984222412 2.31669211388 
0.293788197268 2.06541476231 0.499873101711 2.30351066589 
0.298728418426 2.04984568802 0.505637526512 2.28839087486 
0.304196446762 2.03159433725 0.511272788048 2.27033519745 
0.309701425163 2.01299084458 0.516649067402 2.25160527229 
0.315217754172 1.99439214972 0.522107720375 2.2328851223 
0.320740975335 1.97579656799 0.527593314648 2.21419668198 
0.326267063986 1.95720099377 0.533094108105 2.19550061226 
0.331794047128 1.9386056673 0.538585305214 2.17681336403 
0.337320981158 1.92001085098 0.544086277485 2.15813493729 
0.342184618765 1.90347217034 0.54930382967 2.14154219627 
0.346133269959 1.88922247736 0.554275035858 2.12775468826 
0.350076198803 1.87345640099 0.559220612049 2.11245751381 
0.354369897066 1.85498091521 0.563746571541 2.0941298008 
0.358684611214 1.8360672632 0.567911326885 2.07508015633 
0.360845731288 1.82661044648 0.572201430798 2.05604338646 
0.365171700893 1.8076995195 0.576514005661 2.0370490551 
0.369498645134 1.78878898714 0.580837666988 2.0180273056 
0.373286907346 1.77203459557 0.584944188595 2.00111603737 
0.376317794537 1.7576105668 0.589073598385 1.98689973354 
0.379266349804 1.74155289553 0.593144536018 1.97120797634 
0.38232856904 1.72310582736 0.596523165703 1.95274424553 
0.38542944402 1.70395671643 0.599509835243 1.93350636959 
0.388537211895 1.68480951076 0.602573096752 1.91422843933 
0.391647650967 1.66566096405 0.605658888817 1.89498960972 
0.393203132822 1.65608674941 0.608762919903 1.87573122978 
0.396313695771 1.63693845482 0.611871600151 1.85649526119 
0.399424043682 1.61779015762 0.61497348547 1.83724594116 
0.402534480586 1.59864206742 0.618073582649 1.81801390648 
0.405223476226 1.58177906989 0.621029496193 1.80105268955 
0.407310300797 1.56726040293 0.624208688736 1.78705406189 
0.409236356408 1.55103771331 0.627049565315 1.77111506462 
0.411177489129 1.53213941421 0.629258096218 1.75221765041 
0.413092025903 1.51283649592 0.631084322929 1.73278558254 
0.415012870653 1.49353138946 0.632976174355 1.71333694458 
0.416936481127 1.47422779598 0.634871900082 1.69395577908 
0.418860877326 1.45492443769 0.636796116829 1.67455255985 
0.420785855053 1.43562132331 0.638709425926 1.65515935421 
0.422711142357 1.41631902421 0.640622973442 1.63575005531 
0.424636832991 1.39701549868 0.642535567284 1.61635088921 
0.426562569002 1.37771178594 0.644464671612 1.59694361687 
0.428488082948 1.35840835009 0.646368265152 1.57754969597 
0.430413830978 1.3391048942 0.648310065269 1.55815351009 
0.432339983255 1.31980157161 0.650234401226 1.53875565529 
0.433977691305 1.30292317096 0.652242660522 1.52179193497 
0.435171817544 1.2882975318 0.654543936253 1.50758159161 
0.436095621133 1.27206925197 0.656512081623 1.49166762829 
0.436872385354 1.25318625767 0.657584071159 1.47277784348 
0.437600942578 1.2338005811 0.658185422421 1.45332252979 
0.438337690534 1.2144153789 0.65883988142 1.43384194374 
0.438709593854 1.20472302365 0.659545481205 1.41435587406 
0.439454578394 1.18533817755 0.660283684731 1.39488148689 
0.440199390661 1.16595346659 0.661039113998 1.37541079521 
0.440944152046 1.14656872331 0.661783099174 1.355930686 
0.441688502207 1.12718434464 0.662527084351 1.33647346497 
0.442432772253 1.10779934382 0.66325968504 1.31697416306 
0.443177642203 1.08841429624 0.664015054703 1.29749512672 
0.443550232491 1.0787218285 0.664765000343 1.27803122997 
0.444295407079 1.05933694125 0.665539205074 1.25853872299 
0.44504067028 1.03995276113 0.666277766228 1.23905992508 
0.445786041522 1.02056818303 0.667045533657 1.21959078312 
0.446531456038 1.00118308008 0.667788684368 1.200101614 
0.447276984057 0.981798308404 0.668529450893 1.18062078953 
0.448022724877 0.962413272971 0.669275939465 1.16115903854 
0.448768712714 0.943028715703 0.67003929615 1.14167261124 
0.449515080639 0.923644181552 0.670785546303 1.12220060825 
0.450261627425 0.904259200286 0.67155867815 1.10270357132 
0.451008103863 0.88487458661 0.672292351723 1.08322894573 
0.45175401844 0.865489667795 0.673026144505 1.06376051903 
0.452499657492 0.84610505082 0.673783361912 1.04427981377 
0.45324562316 0.826720226546 0.674515366554 1.02479338646 
0.453991691663 0.807335365728 0.675251126289 1.00530290604 
0.454737714108 0.78795061307 0.675992667675 0.985818266869 
0.45548362036 0.768565922287 0.676747500896 0.966339588165 
0.45622903346 0.749180584953 0.677488088608 0.946831703186 
0.456974341736 0.729795255161 0.678238272667 0.9273635149 
0.45771991941 0.710410401496 0.678984820843 0.907893359661 
0.458465819324 0.691025554441 0.679751753807 0.888413131237 
0.459212283202 0.671640668342 0.680516302586 0.868945419788 
0.459958706964 0.652255897864 0.681276202202 0.849461197853 
0.460704907949 0.632871095304 0.682006180286 0.829982638359 
0.461078153731 0.623178658573 0.682735979557 0.810531973839 
0.461824955154 0.603793887815 0.683487534523 0.79104924202 
0.462436180738 0.586642931918 0.684369623661 0.773779094219 
0.462891200858 0.56875906415 0.685451209545 0.756126880646 
0.463238859882 0.549368954972 0.685880064964 0.736666977406 
0.463584515331 0.529973595542 0.68618118763 0.717153668404 
0.463932560871 0.510576958981 0.686511158943 0.697674393654 
0.464106849877 0.500878985209 0.686870574951 0.678189396858 
0.464455650521 0.481483209902 0.687219977379 0.658679962158 
0.46480466997 0.462086629874 0.687563598156 0.6391685009 
0.465153599571 0.442690672748 0.687923431396 0.619691252708 
0.465502519463 0.423294303438 0.688275814056 0.600202381611 
0.465851608801 0.403898185828 0.688614368439 0.580721020699 
0.466200735921 0.384501964812 0.68894803524 0.561222314835 
0.46654982232 0.365105985932 0.689297437668 0.541726648808 
0.46689898958 0.345710534722 0.689647257328 0.522245109081 
0.467248441303 0.326314599814 0.689999222755 0.502777218819 
0.467598054419 0.306918387552 0.690365552902 0.483266115189 
0.467947476067 0.287522501447 0.690700292587 0.46379250288 
0.468296824326 0.268126556194 0.691051781178 0.444293648005 
0.468645941905 0.248730502701 0.691404104233 0.424794375896 
0.468994880671 0.229334804511 0.691755890846 0.405313909054 
0.46934379766 0.209938498757 0.692098379135 0.385799825191 
0.469692421742 0.190542832303 0.692466616631 0.366340398788 
0.470040580319 0.17114682518 0.692828059196 0.346850067377 
0.470388381407 0.151750730688 0.693176567554 0.327346235514 
0.47073612287 0.132354519476 0.693535745144 0.307861149311 
0.471083728433 0.112958418587 0.693863630295 0.288356810808 
0.471431169901 0.0935623812583 0.694227397442 0.268864989281 
0.471690769412 0.0762053850545 0.694732069969 0.251430869102 
0.471781260942 0.0579160309876 0.695363163948 0.233317732811 
0.471735663292 0.0385198799489 0.695336699486 0.21383664012 
0.471711028063 0.0288204755231 0.695226848125 0.194356873631 
0.471663766507 0.00942120528272 0.695178627968 0.174833342433 
0.471617552443 -0.00997793341891 0.695112943649 0.155336469412 
0.471571589601 -0.0293771999141 0.695050239563 0.135836094618 
0.471525731351 -0.0487764435301 0.695009529591 0.116328500211 
0.471479845295 -0.0681756191457 0.694947481155 0.0968288332224 
0.471434242419 -0.0875749665304 0.694909214973 0.0773659870028 
0.471411621342 -0.0972747863611 0.694858670235 0.0578521564603 
0.471366411066 -0.116674363221 0.69480073452 0.0383598841727 
0.471320878685 -0.136073353211 0.694727599621 0.0188794210553 
0.471274837138 -0.155472670109 0.694664180279 -0.000619863159955 
0.471228577241 -0.174872113685 0.694601178169 -0.0201250445098 
0.471182123034 -0.194271568359 0.694544911385 -0.0396127477288 
0.471135433245 -0.213670840345 0.694489896297 -0.0591065995395 
0.471088603789 -0.23307005996 0.694437921047 -0.0785967856646 
0.471041497857 -0.252469596897 0.694373130798 -0.0981175899506 
0.470994144503 -0.271868835668 0.694325327873 -0.117595158517 
0.470946546192 -0.291268105446 0.694260418415 -0.137093290687 
0.470898701624 -0.310667588541 0.694181501865 -0.156586319208 
0.470850810593 -0.330066713057 0.694096922874 -0.176121085882 
0.470802924516 -0.349466034162 0.69405156374 -0.1956089288 
0.470755013366 -0.368865343642 0.693988442421 -0.215093538165 
0.4707075156 -0.388264587842 0.693901479244 -0.234561726451 
0.470660568001 -0.407663240567 0.693845391273 -0.254026770592 
0.470613373652 -0.427062372573 0.693794071674 -0.273532211781 
0.47056608306 -0.446461643104 0.693727314472 -0.29301661253 
0.470519288535 -0.465860434959 0.693660974503 -0.31251335144 
0.470472572718 -0.48525935131 0.693602025509 -0.331996887922 
0.470426136877 -0.504658334823 0.693552851677 -0.351486593485 
0.470380454704 -0.524057458885 0.693496704102 -0.370978534222 
0.470335328052 -0.543456647122 0.693440079689 -0.390457212925 
0.470290427468 -0.562856003282 0.693382620811 -0.409967333078 
0.470268060117 -0.572555656033 0.693318545818 -0.429459273815 
0.470223470575 -0.591954235547 0.693270802498 -0.448864042759 
0.470179161072 -0.611353411936 0.693217754364 -0.468429028988 
0.470135131593 -0.630752551383 0.693158268929 -0.487927138805 
0.470090839544 -0.650151480647 0.693098962307 -0.507431030273 
0.470046220064 -0.669550575383 0.693043649197 -0.526919841766 
0.470023800024 -0.679250164414 0.692993164062 -0.546407043934 
0.469978777912 -0.69864947178 0.692921876907 -0.565924525261 
0.469933747459 -0.718048452824 0.692867159843 -0.585402369499 
0.469888747365 -0.737447383348 0.692816138268 -0.604876816273 
0.469843891629 -0.756846283854 0.692766487598 -0.62436157465 
0.469799097887 -0.776245409988 0.69270837307 -0.643872380257 
0.469754188405 -0.795644668832 0.692654907703 -0.663374602795 
0.469709280961 -0.815043962371 0.692604601383 -0.682867288589 
0.469664399542 -0.834442781874 0.692552924156 -0.702358961105 
0.469619458842 -0.853841985912 0.692492544651 -0.721847832203 
0.46957444428 -0.87324095543 0.692423820496 -0.741334915161 
0.469529412848 -0.892640109922 0.692360162735 -0.760819077492 
0.469484091167 -0.912039333117 0.692297458649 -0.780344605446 
0.469438496971 -0.931438555675 0.692232549191 -0.799830138683 
0.469392871557 -0.950837893792 0.69216799736 -0.819330990314 
0.469347148811 -0.970236878998 0.692094087601 -0.83880263567 
0.469301619782 -0.989635908215 0.692037761211 -0.858283638954 
0.469256339978 -1.00903482508 0.691969692707 -0.877794861794 
0.469211057574 -1.02843387492 0.69190788269 -0.897286236286 
0.469165722492 -1.04783330044 0.691862642765 -0.91678160429 
0.469120366648 -1.06723325783 0.69179713726 -0.936275959015 
0.469074926301 -1.08663240269 0.691734552383 -0.955755114555 
0.469029357977 -1.10603159062 0.691672861576 -0.975253760815 
0.468983955989 -1.12543044216 0.691614747047 -0.994737029076 
0.468938704272 -1.14482953687 0.69155561924 -1.01423323154 
0.468916058978 -1.15452916585 0.691497445107 -1.03372871876 
0.468870723743 -1.1739283041 0.691430211067 -1.05321931839 
0.468825248619 -1.19332775531 0.691371798515 -1.07272970676 
0.468779642447 -1.21272652398 0.691311180592 -1.09220826626 
0.468733955451 -1.23212562057 0.691264152527 -1.11170589924 
0.468688179517 -1.25152460276 0.691205263138 -1.13119149208 
0.468665253055 -1.2612242542 0.691152632236 -1.15070033073 
0.468619380139 -1.28062316608 0.691095709801 -1.17019295692 
0.468573339559 -1.30002231387 0.691034018993 -1.18968999386 
0.46852703532 -1.3194215015 0.690973341465 -1.20916676521 
0.468480348502 -1.33882087467 0.690914511681 -1.22867035866 
0.468433351433 -1.35822013435 0.690858006477 -1.24816596508 
0.46838644969 -1.37761944052 0.690799832344 -1.26766824722 
0.468339413057 -1.39701860182 0.690742135048 -1.28715097904 
0.468291969929 -1.41641791823 0.690669596195 -1.30664944649 
0.46824439176 -1.43581725165 0.690603613853 -1.32614207268 
0.468197006367 -1.45521661754 0.69053041935 -1.34564995766 
0.468150064185 -1.47461595252 0.690467774868 -1.36513352394 
0.468103461511 -1.49401509174 0.690399825573 -1.38462901115 
0.468056819771 -1.51341430024 0.690334498882 -1.40411973 
0.468010021626 -1.53281392465 0.69026517868 -1.42362582684 
0.467963218348 -1.55221347966 0.690195202827 -1.44311976433 
0.467916401143 -1.57161240752 0.690128922462 -1.46260154247 
0.467869509653 -1.59101166746 0.690033078194 -1.4918397665 
0.467799336155 -1.62011049705 0.689985156059 -1.51134467125 
0.467752765023 -1.63950967104 0.689922273159 -1.53083193302 
0.467706435269 -1.65890886005 0.689854681492 -1.55032527447 
0.467660195909 -1.6783081071 0.68978703022 -1.56982779503 
0.467613952474 -1.6977072703 0.689716815948 -1.58930587769 
0.467567760167 -1.71710641628 0.689653813839 -1.60882341862 
0.467521686246 -1.73650552496 0.68959414959 -1.62831783295 
0.467498716475 -1.74620509536 0.689535140991 -1.64780366421 
0.467452729192 -1.76560456055 0.689475417137 -1.667309165 
0.467406557335 -1.78500396386 0.689427018166 -1.68677806854 
0.467360243191 -1.80440324831 0.689364492893 -1.70628285408 
0.467314065807 -1.8238020879 0.689302504063 -1.72576487064 
0.467267592655 -1.84320091522 0.689238667488 -1.74526977539 
0.467227421306 -1.85071174423 0.689421713352 -1.76268827915 
0.466915512156 -1.86538263121 0.690169930458 -1.77710843086 
0.466134133903 -1.88187691058 0.690481960773 -1.79315626621 
0.464275175956 -1.91031663808 0.688837945461 -1.8215816021 
0.462925450341 -1.92966878703 0.687367081642 -1.84105992317 
0.461587207924 -1.94902195368 0.686001002789 -1.8604837656 
0.460251054071 -1.96837535158 0.684657096863 -1.87996029854 
0.458914802241 -1.98772867896 0.683279633522 -1.89939630032 
0.457578866891 -2.00708206876 0.681947588921 -1.91885089874 
0.45624305892 -2.02643542678 0.680598676205 -1.93828141689 
0.454907256654 -2.0457888984 0.679239153862 -1.95773923397 
0.453571115855 -2.06514181618 0.677911043167 -1.9771630764 
0.452234621984 -2.08449519639 0.676566958427 -1.99662077427 
0.450898266113 -2.10384806455 0.675229549408 -2.01604938507 
0.449562226529 -2.12320142977 0.673899173737 -2.03551793098 
0.447558806927 -2.15223126405 0.671903610229 -2.06468677521 
0.445555764343 -2.18126123137 0.66989004612 -2.09385561943 
0.444220496822 -2.20061472521 0.668555617332 -2.11330842972 
0.4428852531 -2.21996831342 0.667208254337 -2.13274407387 
0.441656670516 -2.23706676735 0.666285336018 -2.14996290207 
0.440366997353 -2.2517689625 0.666141927242 -2.16450834274 
0.438493884498 -2.26815975013 0.665637552738 -2.18026089668 
0.43602489304 -2.28672611697 0.663778185844 -2.19867420197 
0.43377821278 -2.30342266759 0.661031067371 -2.21584820747 
0.431248277339 -2.32511818958 0.656718373299 -2.23822617531 
0.430860655215 -2.32995079687 0.654400706291 -2.25314664841 
0.430173204053 -2.34434412179 0.653038442135 -2.26750516891 
0.429580444157 -2.35852782 0.652954757214 -2.28118085861 
0.4286975206 -2.37303072954 0.653481900692 -2.29538273811 
0.427372317299 -2.38753805125 0.653678953648 -2.30968332291 
0.425607054786 -2.4019761533 0.653223335743 -2.32377505302 
0.423417887771 -2.41636034405 0.652352273464 -2.33782863617 
0.422302490196 -2.42265279918 0.650478959084 -2.35148668289 
0.419889980742 -2.43589008117 0.647540271282 -2.36486005783 
0.41755842534 -2.45024739877 0.643896222115 -2.3795030117 
0.415628862239 -2.46431421356 0.640761971474 -2.39354228973 
0.413942589246 -2.47751220343 0.639198243618 -2.40663361549 
0.411893822766 -2.49188705599 0.638383805752 -2.42061161995 
0.409442143488 -2.50621230963 0.637314975262 -2.4346780777 
0.406224027136 -2.52237645088 0.635252356529 -2.45045161247 
0.402195562301 -2.54103785681 0.631523728371 -2.46902441978 
0.398039363657 -2.5599866748 0.627281248569 -2.48805260658 
0.393892995274 -2.5789366283 0.623084902763 -2.50708436966 
0.389749405683 -2.59788897691 0.618927598 -2.52612614632 
0.385606662202 -2.61684026175 0.614781618118 -2.54515814781 
0.381868762259 -2.63372258057 0.611386418343 -2.5622844696 
0.378449677797 -2.64810589448 0.609054267406 -2.57679963112 
0.374686026971 -2.66215724873 0.606649518013 -2.5910282135 
0.370031769093 -2.67777072458 0.603112280369 -2.60668492317 
0.364287324142 -2.69598088315 0.59763944149 -2.6249423027 
0.358388490877 -2.7144620648 0.59164583683 -2.64350819588 
0.352492473462 -2.73294367161 0.585719943047 -2.66206502914 
0.346600689627 -2.75142642218 0.579811275005 -2.6806435585 
0.340710922496 -2.76990985189 0.573937654495 -2.69922113419 
0.334821559577 -2.78839358638 0.56806230545 -2.71781635284 
0.329555360019 -2.80476492193 0.563032448292 -2.73427605629 
0.32481614577 -2.81875150367 0.55948227644 -2.74831056595 
0.319773895171 -2.83238801319 0.555827260017 -2.76214075089 
0.313676794855 -2.84760547275 0.550797104836 -2.77765655518 
0.306328220276 -2.86516174273 0.543694376945 -2.79535007477 
0.298783575489 -2.88303434092 0.536092758179 -2.81333184242 
0.291243562671 -2.90090823169 0.528488695621 -2.8312830925 
0.284447547583 -2.91689449539 0.521869838238 -2.84743142128 
0.278429127944 -2.9304787613 0.517026185989 -2.86138272285 
0.272184361098 -2.94359367599 0.511949419975 -2.87501192093 
0.26906982539 -2.94969181991 0.505510151386 -2.89013266563 
0.261133161361 -2.96468787108 0.497354030609 -2.90538597107 
0.258759118017 -2.96928625496 0.489457428455 -2.91822504997 
0.252553618278 -2.98207723889 0.481908470392 -2.93039321899 
0.246861293345 -2.99423283978 0.476128280163 -2.94214200974 
0.240722214493 -3.00699759144 0.470967918634 -2.95507264137 
0.234075869935 -3.01993896863 0.46569904685 -2.96856927872 
0.227051885487 -3.03266855658 0.459904909134 -2.98189663887 
0.219658222881 -3.04517068715 0.453623384237 -2.99508929253 
0.211891571699 -3.0574745146 0.446972280741 -3.00816583633 
0.20378500995 -3.06954191886 0.440046608448 -3.02082204819 
0.195326551738 -3.08137097847 0.432660520077 -3.0334584713 
0.185368903305 -3.0945293261 0.423482894897 -3.04711008072 
0.173553699292 -3.10967271742 0.411730527878 -3.06238913536 
0.161584327571 -3.12494081273 0.399645984173 -3.07765412331 
0.150765553932 -3.13867327503 0.388805180788 -3.09154510498 
0.14140561924 -3.1502095027 0.380248039961 -3.10373830795 
0.131952807599 -3.1612580639 0.371751844883 -3.11564302444 
0.122175230369 -3.17203589544 0.362907648087 -3.12724375725 
0.112081088299 -3.18251108717 0.353590428829 -3.13876891136 
0.100172222068 -3.19422164511 0.342440664768 -3.15094900131 
0.0863023415767 -3.20750099892 0.328501969576 -3.16426634789 
0.073483019344 -3.21969259658 0.315624594688 -3.17665743828 
0.0623032347473 -3.23008694296 0.305276781321 -3.1875333786 
0.0514111571308 -3.23972216492 0.295420706272 -3.19795799255 
0.0402292628396 -3.24902562073 0.280052781105 -3.21298098564 
0.022932247238 -3.26234448791 0.269223213196 -3.22277903557 
0.00963534583583 -3.27185512454 0.256759166718 -3.23293876648 
-0.00598672421772 -3.28265686524 0.241193935275 -3.24392938614 
-0.0219759180381 -3.29364466623 0.225059270859 -3.25490498543 
-0.0363092236719 -3.30345376613 0.21054443717 -3.2649731636 
-0.0486504490822 -3.31164744143 0.198678314686 -3.2740111351 
-0.0527608929651 -3.31422006788 0.187081605196 -3.28286981583 
-0.0653163268205 -3.32157083212 0.175256788731 -3.29127931595 
-0.0780800575635 -3.32854434865 0.16308966279 -3.29940032959 
-0.092923042691 -3.33613529146 0.148775517941 -3.3076980114 
-0.110097949441 -3.34460244686 0.13157954812 -3.31624603271 
-0.127517042877 -3.35314049992 0.114067874849 -3.32467007637 
-0.14493397735 -3.36168454479 0.0965652614832 -3.33317494392 
-0.160248182767 -3.36913935962 0.0810105055571 -3.3407702446 
-0.173497106313 -3.37532691861 0.0681523233652 -3.34801602364 
-0.18683535015 -3.38111409148 0.0552687831223 -3.35492134094 
-0.202153465006 -3.38727393547 0.0402685515583 -3.36191248894 
-0.229132743227 -3.39763985707 0.0133291734383 -3.37251138687 
-0.247261493543 -3.40454410866 -0.00492270523682 -3.3793990612 
-0.26315747616 -3.41055609868 -0.021335741505 -3.38572883606 
-0.276834506098 -3.41549206564 -0.041507832706 -3.39465451241 
-0.290679720782 -3.41994216452 -0.0550538189709 -3.40026521683 
-0.306581136186 -3.42445548799 -0.0704393237829 -3.40583848953 
-0.325065209649 -3.42942121174 -0.0888758823276 -3.4109210968 
-0.343810857883 -3.43441237648 -0.107806369662 -3.41583132744 
-0.362557173704 -3.43940476402 -0.126654595137 -3.42080926895 
-0.381302700811 -3.44439732728 -0.145505517721 -3.42581796646 
-0.400048648353 -3.44939037871 -0.164330631495 -3.43081903458 
-0.418793525777 -3.45438428033 -0.183170795441 -3.43583369255 
-0.43556056123 -3.45880344051 -0.199961423874 -3.44056653976 
-0.44988849699 -3.46234416921 -0.214071750641 -3.44512176514 
-0.465838937451 -3.46586465325 -0.229694530368 -3.44967842102 
-0.484398617514 -3.46963996442 -0.248141437769 -3.45372462273 
-0.503422808625 -3.4734300189 -0.267276823521 -3.45746803284 
-0.522446690352 -3.47722901388 -0.286420702934 -3.46123552322 
-0.541469227923 -3.48103353253 -0.305542528629 -3.46504640579 
-0.560491613892 -3.48483949295 -0.324660241604 -3.46888160706 
-0.570002781462 -3.48674256404 -0.343786984682 -3.4727063179 
-0.586947047028 -3.49008182725 -0.36087423563 -3.47639918327 
-0.601462255738 -3.49270736679 -0.375061333179 -3.48018026352 
-0.617764891108 -3.49523337679 -0.391101062298 -3.48362231255 
-0.636765238949 -3.49786042274 -0.409979969263 -3.48656511307 
-0.655992054463 -3.50044564059 -0.429259538651 -3.48912239075 
-0.675217466927 -3.50303558333 -0.44856184721 -3.49171686172 
-0.694442440417 -3.50562982037 -0.467875778675 -3.4943318367 
-0.713665125469 -3.5082257538 -0.487208217382 -3.49696493149 
-0.732889749096 -3.51082279817 -0.506524801254 -3.49959421158 
-0.752114479157 -3.51342030706 -0.525853574276 -3.50222325325 
-0.771339108262 -3.51601808815 -0.545171380043 -3.50485754013 
-0.800175592327 -3.51991464216 -0.574139297009 -3.5087993145 
-0.817279131588 -3.52215363293 -0.591550648212 -3.51143789291 
-0.831989656822 -3.5238298261 -0.606047987938 -3.51419687271 
-0.857454692657 -3.52608075622 -0.630950808525 -3.51779055595 
-0.886452044837 -3.5282383149 -0.660120069981 -3.51980018616 
-0.896125518329 -3.52894735608 -0.679584026337 -3.5211417675 
-0.91547292419 -3.53036772294 -0.699034273624 -3.52248048782 
-0.934819755076 -3.5317895001 -0.71847820282 -3.52384638786 
-0.954166894026 -3.53321195634 -0.737936258316 -3.52522015572 
-0.983187532404 -3.53534562751 -0.767098069191 -3.52727556229 
-1.00253458818 -3.53676799277 -0.786541104317 -3.52862977982 
-1.02188132113 -3.53819009684 -0.805978000164 -3.53000211716 
-1.04122850544 -3.53961213318 -0.825443923473 -3.53137779236 
-1.06057554979 -3.54103410193 -0.844873130322 -3.53273439407 
-1.07992284033 -3.5424561127 -0.864326357841 -3.53409457207 
-1.09926971716 -3.54387817174 -0.883774459362 -3.53546833992 
-1.11378010873 -3.54494439731 -0.912944197655 -3.53752279282 
-1.13312703317 -3.54636562547 -0.932392895222 -3.53890228271 
-1.15247437493 -3.54778687013 -0.951839268208 -3.54027795792 
-1.17182166732 -3.54920788922 -0.971287369728 -3.54165196419 
-1.18912176637 -3.55043102702 -0.98879635334 -3.54312825203 
-1.20383225004 -3.55124637288 -1.00325846672 -3.54495692253 
-1.22029999237 -3.55174435185 -1.01938796043 -3.54662442207 
-1.23929296376 -3.55199050217 -1.03817987442 -3.54710125923 
-1.25869093167 -3.55215611253 -1.05766403675 -3.54706192017 
-1.2780897338 -3.55233140748 -1.07713282108 -3.5470969677 
-1.29748812064 -3.55251411236 -1.09663033485 -3.54719591141 
-1.31688674104 -3.55269901609 -1.11612010002 -3.54729652405 
-1.336284862 -3.55288415122 -1.13561141491 -3.54742860794 
-1.35568362769 -3.55306897866 -1.15513336658 -3.54755783081 
-1.37508191156 -3.5532540061 -1.17461538315 -3.54768610001 
-1.39448025323 -3.55343903704 -1.1941164732 -3.54780840874 
-1.41387864731 -3.55362404822 -1.21361279488 -3.54794692993 
-1.43327676575 -3.55380974973 -1.23309695721 -3.5480530262 
-1.4526750968 -3.55399634151 -1.25258207321 -3.54816746712 
-1.47207311731 -3.55418365856 -1.27208292484 -3.5482711792 
-1.48177230966 -3.55427724553 -1.29156851768 -3.54843401909 
